{
  "stats": {
    "tests": 18,
    "passes": 18,
    "failures": 0,
    "duration": 10248,
    "start": "2024-10-07T11:50:37.771Z",
    "end": "2024-10-07T11:50:48.019Z"
  },
  "failures": [],
  "passes": [
    {
      "title": "Health Check Controller – deve estar definido",
      "fullTitle": "Health Check Controller",
      "duration": 3704,
      "errorCount": 0
    },
    {
      "title": "Health Check Controller – retornar OK para aplicação",
      "fullTitle": "Health Check Controller",
      "duration": 3704,
      "errorCount": 0
    },
    {
      "title": "MotoristasController – Deve ser uma instância de MotoristasController",
      "fullTitle": "MotoristasController",
      "duration": 4932,
      "errorCount": 0
    },
    {
      "title": "MotoristasController – cria um motorista com sucesso",
      "fullTitle": "MotoristasController",
      "duration": 4932,
      "errorCount": 0
    },
    {
      "title": "MotoristasController – atualiza um motorista com sucesso",
      "fullTitle": "MotoristasController",
      "duration": 4932,
      "errorCount": 0
    },
    {
      "title": "MotoristasController – exclui um motorista com sucesso",
      "fullTitle": "MotoristasController",
      "duration": 4932,
      "errorCount": 0
    },
    {
      "title": "MotoristasController – pega um motorista por id com sucesso",
      "fullTitle": "MotoristasController",
      "duration": 4932,
      "errorCount": 0
    },
    {
      "title": "MotoristasController – get todos os motoristas com sucesso",
      "fullTitle": "MotoristasController",
      "duration": 4932,
      "errorCount": 0
    },
    {
      "title": "AutomoveisController – Deve ser uma instância de AutomoveisController",
      "fullTitle": "AutomoveisController",
      "duration": 4946,
      "errorCount": 0
    },
    {
      "title": "AutomoveisController – cria um automóvel com sucesso",
      "fullTitle": "AutomoveisController",
      "duration": 4946,
      "errorCount": 0
    },
    {
      "title": "AutomoveisController – atualiza um automóvel com sucesso",
      "fullTitle": "AutomoveisController",
      "duration": 4946,
      "errorCount": 0
    },
    {
      "title": "AutomoveisController – exclui um automóvel com sucesso",
      "fullTitle": "AutomoveisController",
      "duration": 4946,
      "errorCount": 0
    },
    {
      "title": "AutomoveisController – pega um automóvel por id com sucesso",
      "fullTitle": "AutomoveisController",
      "duration": 4946,
      "errorCount": 0
    },
    {
      "title": "AutomoveisController – get todos os automóveis com sucesso",
      "fullTitle": "AutomoveisController",
      "duration": 4946,
      "errorCount": 0
    },
    {
      "title": "UtilizacaoController – Deve ser uma instância de UtilizacaoController",
      "fullTitle": "UtilizacaoController",
      "duration": 5261,
      "errorCount": 0
    },
    {
      "title": "UtilizacaoController – cria uma utilização com sucesso",
      "fullTitle": "UtilizacaoController",
      "duration": 5261,
      "errorCount": 0
    },
    {
      "title": "UtilizacaoController – finaliza uma utilização com sucesso",
      "fullTitle": "UtilizacaoController",
      "duration": 5261,
      "errorCount": 0
    },
    {
      "title": "UtilizacaoController – pega todas as utilizações com sucesso",
      "fullTitle": "UtilizacaoController",
      "duration": 5261,
      "errorCount": 0
    }
  ],
  "skipped": []
}